<?xml version="1.0" encoding="UTF-8" ?>
<testsuite failures="0" time="5.923" errors="1" skipped="0" tests="1" name="com.joseph.draw4.client.GwtTestDraw4">
  <properties>
[...]
</properties>
  <testcase time="5.916" classname="com.joseph.draw4.client.GwtTestDraw4" name="testIt">
    <error message="com.google.gwt.core.ext.UnableToCompleteException: (see previous log entries)" type="com.google.gwt.junit.JUnitFatalLaunchException">com.google.gwt.junit.JUnitFatalLaunchException: com.google.gwt.core.ext.UnableToCompleteException: (see previous log entries)
	at com.google.gwt.junit.JUnitShell.runTestImpl(JUnitShell.java:1351)
	at com.google.gwt.junit.JUnitShell.runTestImpl(JUnitShell.java:1284)
	at com.google.gwt.junit.JUnitShell.runTest(JUnitShell.java:678)
	at com.google.gwt.junit.client.GWTTestCase.runTest(GWTTestCase.java:421)
	at junit.framework.TestCase.runBare(TestCase.java:141)
	at junit.framework.TestResult$1.protect(TestResult.java:122)
	at junit.framework.TestResult.runProtected(TestResult.java:142)
	at junit.framework.TestResult.run(TestResult.java:125)
	at junit.framework.TestCase.run(TestCase.java:129)
	at com.google.gwt.junit.client.GWTTestCase.run(GWTTestCase.java:247)
	at junit.framework.TestSuite.runTest(TestSuite.java:255)
	at junit.framework.TestSuite.run(TestSuite.java:250)
	at org.codehaus.mojo.gwt.test.MavenTestRunner.doRun(MavenTestRunner.java:105)
	at junit.textui.TestRunner.start(TestRunner.java:183)
	at org.codehaus.mojo.gwt.test.MavenTestRunner.main(MavenTestRunner.java:63)
Caused by: com.google.gwt.core.ext.UnableToCompleteException: (see previous log entries)
	at com.google.gwt.junit.RunStyleSelenium.launchModule(RunStyleSelenium.java:387)
	at com.google.gwt.junit.JUnitShell.runTestImpl(JUnitShell.java:1347)
	... 14 more
</error>
    <system-out>Linking module &apos;com.joseph.draw4.Draw4JUnit.JUnit&apos;
   Invoking Linker IFrame
      [WARN] IFrame linker is deprecated; consider switching to the xsiframe linker
Ignored 2 units with compilation errors in first pass.
Compile with -strict or with -logLevel set to TRACE or DEBUG to see all errors.
[ERROR] Error launching browser via Selenium-RC at localhost:4444/*chrome\&quot;
java.lang.RuntimeException: Could not start Selenium session: Failed to start new browser session: Browser not supported: *chrome\&quot;

Supported browsers include:
  *firefox
  *mock
  *firefoxproxy
  *pifirefox
  *chrome
  *iexploreproxy
  *iexplore
  *firefox3
  *safariproxy
  *googlechrome
  *konqueror
  *firefox2
  *piiexplore
  *safari
  *firefoxchrome
  *opera
  *webdriver
  *iehta
  *custom

	at com.thoughtworks.selenium.DefaultSelenium.start(DefaultSelenium.java:109)
	at com.google.gwt.junit.RunStyleSelenium$LaunchThread.run(RunStyleSelenium.java:215)
Caused by: com.thoughtworks.selenium.SeleniumException: Failed to start new browser session: Browser not supported: *chrome\&quot;

Supported browsers include:
  *firefox
  *mock
  *firefoxproxy
  *pifirefox
  *chrome
  *iexploreproxy
  *iexplore
  *firefox3
  *safariproxy
  *googlechrome
  *konqueror
  *firefox2
  *piiexplore
  *safari
  *firefoxchrome
  *opera
  *webdriver
  *iehta
  *custom

	at com.thoughtworks.selenium.HttpCommandProcessor.throwAssertionFailureExceptionOrError(HttpCommandProcessor.java:109)
	at com.thoughtworks.selenium.HttpCommandProcessor.doCommand(HttpCommandProcessor.java:103)
	at com.thoughtworks.selenium.HttpCommandProcessor.getString(HttpCommandProcessor.java:272)
	at com.thoughtworks.selenium.HttpCommandProcessor.start(HttpCommandProcessor.java:234)
	at com.thoughtworks.selenium.DefaultSelenium.start(DefaultSelenium.java:100)
	... 1 more
</system-out>
  </testcase>
</testsuite>